<?xml version="1.0" encoding="UTF-8"?>
<!-- Generated by org.testng.reporters.JUnitXMLReporter -->
<testsuite ignored="2" hostname="AVINASH" failures="0" tests="1" name="Default test" time="30.427" errors="0" timestamp="2026-05-12T22:26:20 IST">
  <testcase classname="Contact_Module.ContactModuleTest" name="CreateContact_Withlastname_test" time="18.024"/>
  <testcase classname="Contact_Module.ContactModuleTest" name="CreateContact_With_orgnametest" time="0.0">
    <ignored/>
  </testcase> <!-- CreateContact_With_orgnametest -->
  <testcase classname="Contact_Module.ContactModuleTest" name="CreateContact_WithSupportdates_test" time="0.0">
    <ignored/>
  </testcase> <!-- CreateContact_WithSupportdates_test -->
</testsuite> <!-- Default test -->
