<?xml version="1.0" encoding="UTF-8"?>
<!-- Generated by org.testng.reporters.JUnitXMLReporter -->
<testsuite ignored="4" hostname="AVINASH" failures="0" tests="6" name="Test-firefox" time="126.055" errors="0" timestamp="2026-05-10T21:55:33 IST">
  <testcase classname="organization_module.OrganizationModuleTest" name="Createorgname_With_Industery_Typetest" time="17.622"/>
  <testcase classname="organization_module.OrganizationModuleTest" name="Createorgname_Withphonenumber_test" time="17.618"/>
  <testcase classname="organization_module.OrganizationModuleTest" name="Createorgname_test" time="0.001">
    <skipped/>
  </testcase> <!-- Createorgname_test -->
  <testcase classname="Contact_Module.ContactModuleTest" name="CreateContact_WithSupportdates_test" time="17.253"/>
  <testcase classname="Contact_Module.ContactModuleTest" name="CreateContact_With_orgnametest" time="45.992"/>
  <testcase classname="Contact_Module.ContactModuleTest" name="CreateContact_Withlastname_test" time="0.001">
    <skipped/>
  </testcase> <!-- CreateContact_Withlastname_test -->
  <testcase classname="BaseClassUtility.BaseClass" name="@AfterTest CloseConfigParallelExe" time="0.0">
    <ignored/>
  </testcase> <!-- @AfterTest CloseConfigParallelExe -->
  <testcase classname="BaseClassUtility.BaseClass" name="@BeforeSuite ConnectWith_BD" time="0.0">
    <ignored/>
  </testcase> <!-- @BeforeSuite ConnectWith_BD -->
  <testcase classname="BaseClassUtility.BaseClass" name="@BeforeTest ConfigParallelExe" time="0.0">
    <ignored/>
  </testcase> <!-- @BeforeTest ConfigParallelExe -->
  <testcase classname="BaseClassUtility.BaseClass" name="@AfterSuite Disconneted_DB" time="0.0">
    <ignored/>
  </testcase> <!-- @AfterSuite Disconneted_DB -->
</testsuite> <!-- Test-firefox -->
