<?xml version="1.0" encoding="UTF-8"?>
<!-- Generated by org.testng.reporters.JUnitXMLReporter -->
<testsuite ignored="4" hostname="AVINASH" failures="0" tests="6" name="Test" time="148.208" errors="0" timestamp="2026-05-11T10:14:32 IST">
  <testcase classname="organization_module.OrganizationModuleTest" name="Createorgname_With_Industery_Typetest" time="15.995"/>
  <testcase classname="organization_module.OrganizationModuleTest" name="Createorgname_Withphonenumber_test" time="14.865"/>
  <testcase classname="organization_module.OrganizationModuleTest" name="Createorgname_test" time="15.036"/>
  <testcase classname="Contact_Module.ContactModuleTest" name="CreateContact_WithSupportdates_test" time="17.604"/>
  <testcase classname="Contact_Module.ContactModuleTest" name="CreateContact_With_orgnametest" time="42.238"/>
  <testcase classname="Contact_Module.ContactModuleTest" name="CreateContact_Withlastname_test" time="14.774"/>
  <testcase classname="BaseClassUtility.BaseClass" name="@BeforeSuite ConnectWith_BD" time="0.0">
    <ignored/>
  </testcase> <!-- @BeforeSuite ConnectWith_BD -->
  <testcase classname="BaseClassUtility.BaseClass" name="@AfterSuite Disconneted_DB" time="0.0">
    <ignored/>
  </testcase> <!-- @AfterSuite Disconneted_DB -->
  <testcase classname="BaseClassUtility.BaseClass" name="@AfterTest CloseConfigParallelExe" time="0.0">
    <ignored/>
  </testcase> <!-- @AfterTest CloseConfigParallelExe -->
  <testcase classname="BaseClassUtility.BaseClass" name="@BeforeTest ConfigParallelExe" time="0.0">
    <ignored/>
  </testcase> <!-- @BeforeTest ConfigParallelExe -->
</testsuite> <!-- Test -->
