<?xml version="1.0" encoding="UTF-8"?>
<!-- Generated by org.testng.reporters.JUnitXMLReporter -->
<testsuite ignored="0" hostname="AVINASH" failures="0" tests="3" name="Test1" time="53.469" errors="0" timestamp="2026-05-13T23:06:42 IST">
  <testcase classname="organization_module.OrganizationModuleTest" name="Createorgname_With_Industery_Typetest" time="12.624"/>
  <testcase classname="organization_module.OrganizationModuleTest" name="Createorgname_Withphonenumber_test" time="13.034"/>
  <testcase classname="organization_module.OrganizationModuleTest" name="Createorgname_test" time="13.958"/>
</testsuite> <!-- Test1 -->
