<?xml version="1.0" encoding="UTF-8"?>
<!-- Generated by org.testng.reporters.JUnitXMLReporter -->
<testsuite ignored="4" hostname="AVINASH" failures="0" tests="6" name="Test-chrome" time="173.897" errors="0" timestamp="2026-05-10T21:56:21 IST">
  <testcase classname="organization_module.OrganizationModuleTest" name="Createorgname_With_Industery_Typetest" time="19.186"/>
  <testcase classname="organization_module.OrganizationModuleTest" name="Createorgname_Withphonenumber_test" time="18.326"/>
  <testcase classname="organization_module.OrganizationModuleTest" name="Createorgname_test" time="17.891"/>
  <testcase classname="Contact_Module.ContactModuleTest" name="CreateContact_WithSupportdates_test" time="20.854"/>
  <testcase classname="Contact_Module.ContactModuleTest" name="CreateContact_With_orgnametest" time="47.497"/>
  <testcase classname="Contact_Module.ContactModuleTest" name="CreateContact_Withlastname_test" time="16.103"/>
  <testcase classname="BaseClassUtility.BaseClass" name="@BeforeTest ConfigParallelExe" time="0.0">
    <ignored/>
  </testcase> <!-- @BeforeTest ConfigParallelExe -->
  <testcase classname="BaseClassUtility.BaseClass" name="@AfterTest CloseConfigParallelExe" time="0.0">
    <ignored/>
  </testcase> <!-- @AfterTest CloseConfigParallelExe -->
  <testcase classname="BaseClassUtility.BaseClass" name="@AfterSuite Disconneted_DB" time="0.0">
    <ignored/>
  </testcase> <!-- @AfterSuite Disconneted_DB -->
  <testcase classname="BaseClassUtility.BaseClass" name="@BeforeSuite ConnectWith_BD" time="0.0">
    <ignored/>
  </testcase> <!-- @BeforeSuite ConnectWith_BD -->
</testsuite> <!-- Test-chrome -->
