<?xml version="1.0" encoding="UTF-8"?>
<!-- Generated by org.testng.reporters.JUnitXMLReporter -->
<testsuite ignored="0" hostname="AVINASH" failures="0" tests="3" name="Test2" time="29.725" errors="0" timestamp="2026-05-12T09:57:14 IST">
  <testcase classname="Contact_Module.ContactModuleTest" name="CreateContact_WithSupportdates_test" time="16.047"/>
  <testcase classname="Contact_Module.ContactModuleTest" name="CreateContact_With_orgnametest" time="0.0">
    <skipped/>
  </testcase> <!-- CreateContact_With_orgnametest -->
  <testcase classname="Contact_Module.ContactModuleTest" name="CreateContact_Withlastname_test" time="0.0">
    <skipped/>
  </testcase> <!-- CreateContact_Withlastname_test -->
</testsuite> <!-- Test2 -->
