<?xml version="1.0" encoding="UTF-8"?>
<!-- Generated by org.testng.reporters.JUnitXMLReporter -->
<testsuite ignored="0" hostname="AVINASH" failures="0" tests="3" name="Test2" time="90.932" errors="0" timestamp="2026-05-13T23:07:19 IST">
  <testcase classname="Contact_Module.ContactModuleTest" name="CreateContact_WithSupportdates_test" time="15.052"/>
  <testcase classname="Contact_Module.ContactModuleTest" name="CreateContact_With_orgnametest" time="38.778"/>
  <testcase classname="Contact_Module.ContactModuleTest" name="CreateContact_Withlastname_test" time="11.917"/>
</testsuite> <!-- Test2 -->
