<?xml version="1.0" encoding="UTF-8"?>
<testng-results ignored="2" total="3" passed="1" failed="0" skipped="0">
  <reporter-output>
    <line>
      <![CDATA[Suite Execution Started-Adv Report Configuration]]>
    </line>
    <line>
      <![CDATA[Connected With DataBase]]>
    </line>
    <line>
      <![CDATA[Configured Parallel Execution]]>
    </line>
    <line>
      <![CDATA[Launching Browser]]>
    </line>
    <line>
      <![CDATA[Logged Into Application]]>
    </line>
    <line>
      <![CDATA[CreateContact_Withlastname_test : Test Execution Started]]>
    </line>
    <line>
      <![CDATA[Logged Out  the Application]]>
    </line>
    <line>
      <![CDATA[Quiting The Browser]]>
    </line>
    <line>
      <![CDATA[Close Configured Parallel Execution]]>
    </line>
    <line>
      <![CDATA[Disconnected With DataBase]]>
    </line>
  </reporter-output>
  <suite started-at="2026-05-12T22:25:49 IST" name="Default suite" finished-at="2026-05-12T22:26:20 IST" duration-ms="30427">
    <groups>
      <group name="smoke">
        <method signature="ContactModuleTest.CreateContact_Withlastname_test()[pri:0, instance:Contact_Module.ContactModuleTest@1c1bbc4e]" name="CreateContact_Withlastname_test" class="Contact_Module.ContactModuleTest"/>
      </group> <!-- smoke -->
    </groups>
    <test started-at="2026-05-12T22:25:49 IST" name="Default test" finished-at="2026-05-12T22:26:20 IST" duration-ms="30427">
      <class name="Contact_Module.ContactModuleTest">
        <test-method is-config="true" signature="ConnectWith_BD()[pri:0, instance:Contact_Module.ContactModuleTest@1c1bbc4e]" started-at="2026-05-12T22:25:49 IST" name="ConnectWith_BD" finished-at="2026-05-12T22:25:49 IST" duration-ms="499" status="PASS">
          <reporter-output>
            <line>
              <![CDATA[Connected With DataBase]]>
            </line>
          </reporter-output>
        </test-method> <!-- ConnectWith_BD -->
        <test-method is-config="true" signature="ConfigParallelExe()[pri:0, instance:Contact_Module.ContactModuleTest@1c1bbc4e]" started-at="2026-05-12T22:25:49 IST" name="ConfigParallelExe" finished-at="2026-05-12T22:25:49 IST" duration-ms="1" status="PASS">
          <reporter-output>
            <line>
              <![CDATA[Configured Parallel Execution]]>
            </line>
          </reporter-output>
        </test-method> <!-- ConfigParallelExe -->
        <test-method is-config="true" signature="LaunchTheBrowser()[pri:0, instance:Contact_Module.ContactModuleTest@1c1bbc4e]" started-at="2026-05-12T22:25:49 IST" name="LaunchTheBrowser" finished-at="2026-05-12T22:25:58 IST" duration-ms="9074" status="PASS">
          <reporter-output>
            <line>
              <![CDATA[Launching Browser]]>
            </line>
          </reporter-output>
        </test-method> <!-- LaunchTheBrowser -->
        <test-method is-config="true" signature="login()[pri:0, instance:Contact_Module.ContactModuleTest@1c1bbc4e]" started-at="2026-05-12T22:25:58 IST" name="login" finished-at="2026-05-12T22:26:00 IST" duration-ms="1335" status="PASS">
          <reporter-output>
            <line>
              <![CDATA[Logged Into Application]]>
            </line>
          </reporter-output>
        </test-method> <!-- login -->
        <test-method signature="CreateContact_Withlastname_test()[pri:0, instance:Contact_Module.ContactModuleTest@1c1bbc4e]" started-at="2026-05-12T22:26:00 IST" name="CreateContact_Withlastname_test" finished-at="2026-05-12T22:26:18 IST" duration-ms="18024" status="PASS">
          <reporter-output>
            <line>
              <![CDATA[CreateContact_Withlastname_test : Test Execution Started]]>
            </line>
          </reporter-output>
        </test-method> <!-- CreateContact_Withlastname_test -->
        <test-method is-config="true" signature="Logout()[pri:0, instance:Contact_Module.ContactModuleTest@1c1bbc4e]" started-at="2026-05-12T22:26:18 IST" name="Logout" finished-at="2026-05-12T22:26:19 IST" duration-ms="1797" status="PASS">
          <reporter-output>
            <line>
              <![CDATA[Logged Out  the Application]]>
            </line>
          </reporter-output>
        </test-method> <!-- Logout -->
        <test-method is-config="true" signature="quitThebrowser()[pri:0, instance:Contact_Module.ContactModuleTest@1c1bbc4e]" started-at="2026-05-12T22:26:19 IST" name="quitThebrowser" finished-at="2026-05-12T22:26:20 IST" duration-ms="142" status="PASS">
          <reporter-output>
            <line>
              <![CDATA[Quiting The Browser]]>
            </line>
          </reporter-output>
        </test-method> <!-- quitThebrowser -->
        <test-method is-config="true" signature="CloseConfigParallelExe()[pri:0, instance:Contact_Module.ContactModuleTest@1c1bbc4e]" started-at="2026-05-12T22:26:20 IST" name="CloseConfigParallelExe" finished-at="2026-05-12T22:26:20 IST" duration-ms="0" status="PASS">
          <reporter-output>
            <line>
              <![CDATA[Close Configured Parallel Execution]]>
            </line>
          </reporter-output>
        </test-method> <!-- CloseConfigParallelExe -->
        <test-method is-config="true" signature="Disconneted_DB()[pri:0, instance:Contact_Module.ContactModuleTest@1c1bbc4e]" started-at="2026-05-12T22:26:20 IST" name="Disconneted_DB" finished-at="2026-05-12T22:26:20 IST" duration-ms="1" status="PASS">
          <reporter-output>
            <line>
              <![CDATA[Disconnected With DataBase]]>
            </line>
          </reporter-output>
        </test-method> <!-- Disconneted_DB -->
      </class> <!-- Contact_Module.ContactModuleTest -->
    </test> <!-- Default test -->
  </suite> <!-- Default suite -->
</testng-results>
