<?xml version="1.0" encoding="UTF-8"?>
<!-- Generated by org.testng.reporters.JUnitReportReporter -->
<testsuite hostname="AVINASH" failures="0" tests="1" name="organization_module.Createorgname_With_IndusteryTypetest" time="15.484" errors="0" timestamp="2026-05-04T10:30:01 IST" skipped="0">
  <testcase classname="organization_module.Createorgname_With_IndusteryTypetest" name="Createorgname_With_Industery_Typetest" time="15.484"/>
</testsuite> <!-- organization_module.Createorgname_With_IndusteryTypetest -->
