<?xml version="1.0" encoding="UTF-8"?>
<!-- Generated by org.testng.reporters.JUnitReportReporter -->
<testsuite hostname="AVINASH" failures="0" tests="1" name="Contact_Module.ContactModuleTest" time="21.156" errors="0" timestamp="2026-05-12T22:26:20 IST" skipped="0">
  <testcase classname="Contact_Module.ContactModuleTest" name="CreateContact_Withlastname_test" time="21.156">
    <system-out>
      <![CDATA[CreateContact_Withlastname_test : Test Execution Started]]>
    </system-out>
  </testcase> <!-- CreateContact_Withlastname_test -->
  <system-out>
    <![CDATA[Suite Execution Started-Adv Report Configuration
Connected With DataBase
Configured Parallel Execution
Launching Browser
Logged Into Application
CreateContact_Withlastname_test : Test Execution Started
Logged Out  the Application
Quiting The Browser
Close Configured Parallel Execution
Disconnected With DataBase]]>
  </system-out>
</testsuite> <!-- Contact_Module.ContactModuleTest -->
