<?xml version="1.0" encoding="UTF-8"?>
<!-- Generated by org.testng.reporters.JUnitReportReporter -->
<testsuite hostname="AVINASH" failures="0" tests="1" name="organization_module.Createorgname_Withphonenumbertest" time="14.973" errors="0" timestamp="2026-05-04T10:30:01 IST" skipped="0">
  <testcase classname="organization_module.Createorgname_Withphonenumbertest" name="Createorgname_Withphonenumber_test" time="14.973"/>
</testsuite> <!-- organization_module.Createorgname_Withphonenumbertest -->
