<?xml version="1.0" encoding="UTF-8"?>
<!-- Generated by org.testng.reporters.JUnitReportReporter -->
<testsuite hostname="AVINASH" failures="0" tests="3" name="organization_module.OrganizationModuleTest" time="51.192" errors="0" timestamp="2026-05-13T23:07:20 IST" skipped="0">
  <testcase classname="organization_module.OrganizationModuleTest" name="Createorgname_Withphonenumber_test" time="17.346">
    <system-out>
      <![CDATA[Createorgname_Withphonenumber_test : Test Execution Started]]>
    </system-out>
  </testcase> <!-- Createorgname_Withphonenumber_test -->
  <testcase classname="organization_module.OrganizationModuleTest" name="Createorgname_With_Industery_Typetest" time="16.283">
    <system-out>
      <![CDATA[Createorgname_With_Industery_Typetest : Test Execution Started]]>
    </system-out>
  </testcase> <!-- Createorgname_With_Industery_Typetest -->
  <testcase classname="organization_module.OrganizationModuleTest" name="Createorgname_test" time="17.563">
    <system-out>
      <![CDATA[Createorgname_test : Test Execution Started]]>
    </system-out>
  </testcase> <!-- Createorgname_test -->
  <system-out>
    <![CDATA[Suite Execution Started-Adv Report Configuration
Connected With DataBase
Configured Parallel Execution
Configured Parallel Execution
Launching Browser
Launching Browser
Logged Into Application
Createorgname_With_Industery_Typetest : Test Execution Started
Logged Into Application
CreateContact_WithSupportdates_test : Test Execution Started
Logged Out  the Application
Logged Into Application
Createorgname_Withphonenumber_test : Test Execution Started
Logged Out  the Application
Logged Out  the Application
Logged Into Application
CreateContact_With_orgnametest : Test Execution Started
Logged Into Application
Createorgname_test : Test Execution Started
Logged Out  the Application
Quiting The Browser
Close Configured Parallel Execution
Logged Out  the Application
Logged Into Application
CreateContact_Withlastname_test : Test Execution Started
Logged Out  the Application
Quiting The Browser
Close Configured Parallel Execution
Disconnected With DataBase]]>
  </system-out>
</testsuite> <!-- organization_module.OrganizationModuleTest -->
